[21:21:21] [main/INFO]: Using mbed TLS based native cipher.
[21:21:21] [main/INFO]: Using zlib based native compressor.
[21:21:21] [main/INFO]: Enabled Waterfall version git:Waterfall-Bootstrap:1.18-R0.1-SNAPSHOT:727780a:473
[21:21:21] [main/INFO]: Not on Windows, attempting to use enhanced EpollEventLoop
[21:21:21] [main/INFO]: Epoll is working, utilising it!
[21:21:21] [main/INFO]: Discovered module: ModuleSpec(name=cmd_alert, file=modules/cmd_alert.jar, provider=JenkinsModuleSource())
[21:21:21] [main/INFO]: Discovered module: ModuleSpec(name=cmd_find, file=modules/cmd_find.jar, provider=JenkinsModuleSource())
[21:21:21] [main/INFO]: Discovered module: ModuleSpec(name=cmd_list, file=modules/cmd_list.jar, provider=JenkinsModuleSource())
[21:21:21] [main/INFO]: Discovered module: ModuleSpec(name=cmd_send, file=modules/cmd_send.jar, provider=JenkinsModuleSource())
[21:21:21] [main/INFO]: Discovered module: ModuleSpec(name=cmd_server, file=modules/cmd_server.jar, provider=JenkinsModuleSource())
[21:21:21] [main/INFO]: Discovered module: ModuleSpec(name=reconnect_yaml, file=modules/reconnect_yaml.jar, provider=JenkinsModuleSource())
[21:21:21] [main/INFO]: Attempting to update plugin from null to ModuleVersion(build=473, git=727780a)
[21:21:21] [main/INFO]: Attempting to Jenkins download module cmd_alert v473
[21:21:22] [main/INFO]: Download complete
[21:21:22] [main/INFO]: Attempting to update plugin from null to ModuleVersion(build=473, git=727780a)
[21:21:22] [main/INFO]: Attempting to Jenkins download module cmd_find v473
[21:21:22] [main/INFO]: Download complete
[21:21:22] [main/INFO]: Attempting to update plugin from null to ModuleVersion(build=473, git=727780a)
[21:21:22] [main/INFO]: Attempting to Jenkins download module cmd_list v473
[21:21:22] [main/INFO]: Download complete
[21:21:22] [main/INFO]: Attempting to update plugin from null to ModuleVersion(build=473, git=727780a)
[21:21:22] [main/INFO]: Attempting to Jenkins download module cmd_send v473
[21:21:22] [main/INFO]: Download complete
[21:21:22] [main/INFO]: Attempting to update plugin from null to ModuleVersion(build=473, git=727780a)
[21:21:22] [main/INFO]: Attempting to Jenkins download module cmd_server v473
[21:21:22] [main/INFO]: Download complete
[21:21:22] [main/INFO]: Attempting to update plugin from null to ModuleVersion(build=473, git=727780a)
[21:21:22] [main/INFO]: Attempting to Jenkins download module reconnect_yaml v473
[21:21:22] [main/INFO]: Download complete
[21:21:22] [main/INFO]: Loaded plugin reconnect_yaml version git:reconnect_yaml:1.18-R0.1-SNAPSHOT:727780a:473 by WaterfallMC
[21:21:22] [main/INFO]: Loaded plugin cmd_find version git:cmd_find:1.18-R0.1-SNAPSHOT:727780a:473 by WaterfallMC
[21:21:22] [main/INFO]: Loaded plugin cmd_server version git:cmd_server:1.18-R0.1-SNAPSHOT:727780a:473 by WaterfallMC
[21:21:22] [main/INFO]: Loaded plugin cmd_alert version git:cmd_alert:1.18-R0.1-SNAPSHOT:727780a:473 by WaterfallMC
[21:21:22] [main/INFO]: Loaded plugin cmd_send version git:cmd_send:1.18-R0.1-SNAPSHOT:727780a:473 by WaterfallMC
[21:21:22] [main/INFO]: Loaded plugin cmd_list version git:cmd_list:1.18-R0.1-SNAPSHOT:727780a:473 by WaterfallMC
[21:21:22] [main/WARN]: Forced host server pvp is not defined
[21:21:22] [main/INFO]: Enabled plugin reconnect_yaml version git:reconnect_yaml:1.18-R0.1-SNAPSHOT:727780a:473 by WaterfallMC
[21:21:22] [main/INFO]: Enabled plugin cmd_find version git:cmd_find:1.18-R0.1-SNAPSHOT:727780a:473 by WaterfallMC
[21:21:22] [main/INFO]: Enabled plugin cmd_server version git:cmd_server:1.18-R0.1-SNAPSHOT:727780a:473 by WaterfallMC
[21:21:22] [main/INFO]: Enabled plugin cmd_alert version git:cmd_alert:1.18-R0.1-SNAPSHOT:727780a:473 by WaterfallMC
[21:21:22] [main/INFO]: Enabled plugin cmd_send version git:cmd_send:1.18-R0.1-SNAPSHOT:727780a:473 by WaterfallMC
[21:21:22] [main/INFO]: Enabled plugin cmd_list version git:cmd_list:1.18-R0.1-SNAPSHOT:727780a:473 by WaterfallMC
[21:21:22] [Netty Boss IO Thread #0/INFO]: Listening on /0.0.0.0:25577
[21:21:57] [main/INFO]: Command not found
[21:22:00] [main/INFO]: Command not found
[21:22:01] [main/INFO]: Command not found
[21:22:03] [main/INFO]: Command not found
[21:22:11] [Shutdown Thread/INFO]: Closing listener [id: 0x72077c7c, L:/[0:0:0:0:0:0:0:0%0]:25577]
[21:22:11] [Shutdown Thread/INFO]: Closing pending connections
[21:22:11] [Shutdown Thread/INFO]: Disconnecting 0 connections
[21:22:12] [Shutdown Thread/INFO]: Saving reconnect locations
[21:22:12] [Shutdown Thread/INFO]: Disabling plugins
[21:22:12] [Shutdown Thread/INFO]: Closing IO threads
[21:22:14] [Shutdown Thread/INFO]: Thank you and goodbye
